[Sun Oct 15 2017 19:20:09 GMT+0530 (IST)] Back-end service is ready
[2017-10-15 13:50:48] /admin/services/start 200 2492
<br />
<b>Warning</b>:  file_get_contents(framework/service.pid): failed to open stream: No such file or directory in <b>/var/www/html/veev/modules/admin/@admin.module.php</b> on line <b>98</b><br />

-------
[Sun Oct 15 2017 19:21:12 GMT+0530 (IST)] Back-end service is ready
/veev/admin/services/start 200
2: file_get_contents(http://127.0.0.1:54451/): failed to open stream: Connection refused
modules/admin/@admin.module.php [113]
Array
(
    [0] => Array
        (
            [function] => errorHandler
        )

    [1] => Array
        (
            [file] => /var/www/html/veev/modules/admin/@admin.module.php
            [line] => 113
            [function] => file_get_contents
        )

    [2] => Array
        (
            [file] => /var/www/html/veev/framework/router.php
            [line] => 202
            [function] => services
        )

    [3] => Array
        (
            [file] => /var/www/html/veev/index.php
            [line] => 14
            [args] => Array
                (
                    [0] => /var/www/html/veev/framework/router.php
                )

            [function] => require_once
        )

)

-------
[2017-10-15 13:51:15] /admin/services/start 200 2492
<br />
<b>Warning</b>:  file_get_contents(http://127.0.0.1:54451/): failed to open stream: Connection refused in <b>/var/www/html/veev/modules/admin/@admin.module.php</b> on line <b>113</b><br />

-------
[Sun Oct 15 2017 19:21:17 GMT+0530 (IST)] Back-end service is ready
/veev/admin/services/start 200
2: file_get_contents(http://127.0.0.1:54451/): failed to open stream: Connection refused
modules/admin/@admin.module.php [113]
Array
(
    [0] => Array
        (
            [function] => errorHandler
        )

    [1] => Array
        (
            [file] => /var/www/html/veev/modules/admin/@admin.module.php
            [line] => 113
            [function] => file_get_contents
        )

    [2] => Array
        (
            [file] => /var/www/html/veev/framework/router.php
            [line] => 202
            [function] => services
        )

    [3] => Array
        (
            [file] => /var/www/html/veev/index.php
            [line] => 14
            [args] => Array
                (
                    [0] => /var/www/html/veev/framework/router.php
                )

            [function] => require_once
        )

)

-------
[2017-10-15 13:51:19] /admin/services/start 200 2492
<br />
<b>Warning</b>:  file_get_contents(http://127.0.0.1:54451/): failed to open stream: Connection refused in <b>/var/www/html/veev/modules/admin/@admin.module.php</b> on line <b>113</b><br />

-------
[Sun Oct 15 2017 19:21:22 GMT+0530 (IST)] Back-end service is ready
/veev/admin/services/start 200
2: file_get_contents(http://127.0.0.1:54451/): failed to open stream: Connection refused
modules/admin/@admin.module.php [113]
Array
(
    [0] => Array
        (
            [function] => errorHandler
        )

    [1] => Array
        (
            [file] => /var/www/html/veev/modules/admin/@admin.module.php
            [line] => 113
            [function] => file_get_contents
        )

    [2] => Array
        (
            [file] => /var/www/html/veev/framework/router.php
            [line] => 202
            [function] => services
        )

    [3] => Array
        (
            [file] => /var/www/html/veev/index.php
            [line] => 14
            [args] => Array
                (
                    [0] => /var/www/html/veev/framework/router.php
                )

            [function] => require_once
        )

)

-------
[2017-10-15 13:51:24] /admin/services/start 200 2492
<br />
<b>Warning</b>:  file_get_contents(http://127.0.0.1:54451/): failed to open stream: Connection refused in <b>/var/www/html/veev/modules/admin/@admin.module.php</b> on line <b>113</b><br />

-------
[Sun Oct 15 2017 19:22:19 GMT+0530 (IST)] Back-end service is ready
/veev/admin/services/start 200
2: file_get_contents(http://127.0.0.1:54451/): failed to open stream: Connection refused
modules/admin/@admin.module.php [113]
Array
(
    [0] => Array
        (
            [function] => errorHandler
        )

    [1] => Array
        (
            [file] => /var/www/html/veev/modules/admin/@admin.module.php
            [line] => 113
            [function] => file_get_contents
        )

    [2] => Array
        (
            [file] => /var/www/html/veev/framework/router.php
            [line] => 202
            [function] => services
        )

    [3] => Array
        (
            [file] => /var/www/html/veev/index.php
            [line] => 14
            [args] => Array
                (
                    [0] => /var/www/html/veev/framework/router.php
                )

            [function] => require_once
        )

)

-------
[2017-10-15 13:54:41] /admin/services/start 200 2492
<br />
<b>Warning</b>:  file_get_contents(http://127.0.0.1:54451/): failed to open stream: Connection refused in <b>/var/www/html/veev/modules/admin/@admin.module.php</b> on line <b>113</b><br />

-------
/veev/admin/services/start 200
2: proc_open() expects at least 3 parameters, 1 given
modules/admin/@admin.module.php [101]
Array
(
    [0] => Array
        (
            [function] => errorHandler
        )

    [1] => Array
        (
            [file] => /var/www/html/veev/modules/admin/@admin.module.php
            [line] => 101
            [function] => proc_open
        )

    [2] => Array
        (
            [file] => /var/www/html/veev/framework/router.php
            [line] => 202
            [function] => services
        )

    [3] => Array
        (
            [file] => /var/www/html/veev/index.php
            [line] => 14
            [args] => Array
                (
                    [0] => /var/www/html/veev/framework/router.php
                )

            [function] => require_once
        )

)

-------
[2017-10-15 13:54:47] /admin/services/start 200 2492
<br />
<b>Warning</b>:  proc_open() expects at least 3 parameters, 1 given in <b>/var/www/html/veev/modules/admin/@admin.module.php</b> on line <b>101</b><br />

-------
/veev/admin/services/start 200
2: proc_open() expects at least 3 parameters, 1 given
modules/admin/@admin.module.php [101]
Array
(
    [0] => Array
        (
            [function] => errorHandler
        )

    [1] => Array
        (
            [file] => /var/www/html/veev/modules/admin/@admin.module.php
            [line] => 101
            [function] => proc_open
        )

    [2] => Array
        (
            [file] => /var/www/html/veev/framework/router.php
            [line] => 202
            [function] => services
        )

    [3] => Array
        (
            [file] => /var/www/html/veev/index.php
            [line] => 14
            [args] => Array
                (
                    [0] => /var/www/html/veev/framework/router.php
                )

            [function] => require_once
        )

)

-------
[2017-10-15 13:54:54] /admin/services/start 200 2492
<br />
<b>Warning</b>:  proc_open() expects at least 3 parameters, 1 given in <b>/var/www/html/veev/modules/admin/@admin.module.php</b> on line <b>101</b><br />

-------
/veev/admin/services/start 200
2: proc_open() expects at least 3 parameters, 2 given
modules/admin/@admin.module.php [103]
Array
(
    [0] => Array
        (
            [function] => errorHandler
        )

    [1] => Array
        (
            [file] => /var/www/html/veev/modules/admin/@admin.module.php
            [line] => 103
            [function] => proc_open
        )

    [2] => Array
        (
            [file] => /var/www/html/veev/framework/router.php
            [line] => 202
            [function] => services
        )

    [3] => Array
        (
            [file] => /var/www/html/veev/index.php
            [line] => 14
            [args] => Array
                (
                    [0] => /var/www/html/veev/framework/router.php
                )

            [function] => require_once
        )

)

-------
[2017-10-15 13:57:38] /admin/services/start 200 2653
[Sun Oct 15 2017 19:27:57 GMT+0530 (IST)] Back-end service is ready
[2017-10-15 13:57:59] /admin/services/start 200 2502
[Sun Oct 15 2017 19:28:06 GMT+0530 (IST)] Back-end service is ready
[Sun Oct 15 2017 19:28:06 GMT+0530 (IST)] --------------------------------
[91mEADDRINUSE[0m
Port 54451 is already in use.
[2017-10-15 13:58:07] /admin/services/start 200 2502
/veev/admin/services 200
8: Undefined variable: result2
modules/admin/services.php [21]
Array
(
    [0] => Array
        (
            [file] => /var/www/html/veev/modules/admin/services.php
            [line] => 21
            [function] => errorHandler
        )

    [1] => Array
        (
            [file] => /var/www/html/veev/framework/render.php
            [line] => 12
            [args] => Array
                (
                    [0] => /var/www/html/veev/modules/admin/services.php
                )

            [function] => include
        )

    [2] => Array
        (
            [file] => /var/www/html/veev/framework/router.php
            [line] => 210
            [function] => render_view
        )

    [3] => Array
        (
            [file] => /var/www/html/veev/index.php
            [line] => 14
            [args] => Array
                (
                    [0] => /var/www/html/veev/framework/router.php
                )

            [function] => require_once
        )

)

-------
[2017-10-15 13:58:32] /admin/services 200 2502
[2017-10-15 13:58:37] /admin/services/stop 200 2502
[2017-10-15 13:59:25] /admin/services/stop 200 2502
/veev/admin/services 200
2: file_get_contents(http://127.0.0.1:54451/): failed to open stream: Connection refused
modules/admin/@admin.module.php [114]
Array
(
    [0] => Array
        (
            [function] => errorHandler
        )

    [1] => Array
        (
            [file] => /var/www/html/veev/modules/admin/@admin.module.php
            [line] => 114
            [function] => file_get_contents
        )

    [2] => Array
        (
            [file] => /var/www/html/veev/framework/router.php
            [line] => 202
            [function] => services
        )

    [3] => Array
        (
            [file] => /var/www/html/veev/index.php
            [line] => 14
            [args] => Array
                (
                    [0] => /var/www/html/veev/framework/router.php
                )

            [function] => require_once
        )

)

-------
[2017-10-15 14:00:36] /admin/services 200 2499
<br />
<b>Warning</b>:  file_get_contents(http://127.0.0.1:54451/): failed to open stream: Connection refused in <b>/var/www/html/veev/modules/admin/@admin.module.php</b> on line <b>114</b><br />

-------
/veev/admin/services 200
2: file_get_contents(http://127.0.0.1:54451/): failed to open stream: Connection refused
modules/admin/@admin.module.php [114]
Array
(
    [0] => Array
        (
            [function] => errorHandler
        )

    [1] => Array
        (
            [file] => /var/www/html/veev/modules/admin/@admin.module.php
            [line] => 114
            [function] => file_get_contents
        )

    [2] => Array
        (
            [file] => /var/www/html/veev/framework/router.php
            [line] => 202
            [function] => services
        )

    [3] => Array
        (
            [file] => /var/www/html/veev/index.php
            [line] => 14
            [args] => Array
                (
                    [0] => /var/www/html/veev/framework/router.php
                )

            [function] => require_once
        )

)

-------
[2017-10-15 14:00:38] /admin/services 200 2499
<br />
<b>Warning</b>:  file_get_contents(http://127.0.0.1:54451/): failed to open stream: Connection refused in <b>/var/www/html/veev/modules/admin/@admin.module.php</b> on line <b>114</b><br />

-------
/veev/admin/services 200
2: file_get_contents(http://127.0.0.1:54451/): failed to open stream: Connection refused
modules/admin/@admin.module.php [114]
Array
(
    [0] => Array
        (
            [function] => errorHandler
        )

    [1] => Array
        (
            [file] => /var/www/html/veev/modules/admin/@admin.module.php
            [line] => 114
            [function] => file_get_contents
        )

    [2] => Array
        (
            [file] => /var/www/html/veev/framework/router.php
            [line] => 202
            [function] => services
        )

    [3] => Array
        (
            [file] => /var/www/html/veev/index.php
            [line] => 14
            [args] => Array
                (
                    [0] => /var/www/html/veev/framework/router.php
                )

            [function] => require_once
        )

)

-------
[2017-10-15 14:00:39] /admin/services 200 2499
<br />
<b>Warning</b>:  file_get_contents(http://127.0.0.1:54451/): failed to open stream: Connection refused in <b>/var/www/html/veev/modules/admin/@admin.module.php</b> on line <b>114</b><br />

-------
[Sun Oct 15 2017 19:31:01 GMT+0530 (IST)] Back-end service is ready
[2017-10-15 14:01:03] /admin/services/start 200 2502
/veev/admin/services 200
2: file_get_contents(http://127.0.0.1:54451/): failed to open stream: Connection refused
modules/admin/@admin.module.php [114]
Array
(
    [0] => Array
        (
            [function] => errorHandler
        )

    [1] => Array
        (
            [file] => /var/www/html/veev/modules/admin/@admin.module.php
            [line] => 114
            [function] => file_get_contents
        )

    [2] => Array
        (
            [file] => /var/www/html/veev/framework/router.php
            [line] => 202
            [function] => services
        )

    [3] => Array
        (
            [file] => /var/www/html/veev/index.php
            [line] => 14
            [args] => Array
                (
                    [0] => /var/www/html/veev/framework/router.php
                )

            [function] => require_once
        )

)

-------
[2017-10-15 14:01:28] /admin/services 200 2499
<br />
<b>Warning</b>:  file_get_contents(http://127.0.0.1:54451/): failed to open stream: Connection refused in <b>/var/www/html/veev/modules/admin/@admin.module.php</b> on line <b>114</b><br />

-------
[Sun Oct 15 2017 19:31:30 GMT+0530 (IST)] Back-end service is ready
[2017-10-15 14:01:31] /admin/services/start 200 2502
[2017-10-15 14:01:44] /admin/services 200 2509
[2017-10-15 14:01:47] /admin/services 200 2509
[2017-10-15 14:01:48] /admin/services 200 2509
[2017-10-15 14:01:48] /admin/services 200 2509
/veev/admin/services/stop 200
2: file_get_contents(http://127.0.0.1:54451/): failed to open stream: Connection refused
modules/admin/@admin.module.php [114]
Array
(
    [0] => Array
        (
            [function] => errorHandler
        )

    [1] => Array
        (
            [file] => /var/www/html/veev/modules/admin/@admin.module.php
            [line] => 114
            [function] => file_get_contents
        )

    [2] => Array
        (
            [file] => /var/www/html/veev/framework/router.php
            [line] => 202
            [function] => services
        )

    [3] => Array
        (
            [file] => /var/www/html/veev/index.php
            [line] => 14
            [args] => Array
                (
                    [0] => /var/www/html/veev/framework/router.php
                )

            [function] => require_once
        )

)

-------
[2017-10-15 14:01:55] /admin/services/stop 200 2492
<br />
<b>Warning</b>:  file_get_contents(http://127.0.0.1:54451/): failed to open stream: Connection refused in <b>/var/www/html/veev/modules/admin/@admin.module.php</b> on line <b>114</b><br />

-------
[Sun Oct 15 2017 19:32:29 GMT+0530 (IST)] Back-end service is ready
[2017-10-15 14:02:31] /admin/services/start 200 2691
[2017-10-15 14:02:56] /admin/services 200 2509
